<?xml version="1.0" encoding="UTF-8"?>
<!-- Generated by org.testng.reporters.JUnitReportReporter -->
<testsuite hostname="PTP-LT-6K7QQ12" name="com.automation.test.TC003_Report_Test" tests="1" failures="0" timestamp="29 Dec 2017 13:11:21 GMT" time="43.051" errors="0">
  <testcase name="TC003_Report" time="43.051" classname="com.automation.test.TC003_Report_Test"/>
</testsuite> <!-- com.automation.test.TC003_Report_Test -->
