<?xml version="1.0" encoding="UTF-8"?>
<!-- Generated by org.testng.reporters.JUnitReportReporter -->
<testsuite hostname="PTP-LT-6K7QQ12" name="com.automation.test.TC002_Deals_Test" tests="1" failures="0" timestamp="7 Jan 2018 10:49:03 GMT" time="26.496" errors="0">
  <testcase name="TC002_Deals" time="26.496" classname="com.automation.test.TC002_Deals_Test"/>
</testsuite> <!-- com.automation.test.TC002_Deals_Test -->
