<?xml version="1.0" encoding="UTF-8"?>
<!-- Generated by org.testng.reporters.JUnitReportReporter -->
<testsuite hostname="PTP-LT-6K7QQ12" name="com.automation.crmtest.TC006_Login_Test" tests="1" failures="0" timestamp="16 Jan 2018 11:07:24 GMT" time="0.016" errors="0">
  <testcase name="TC006_Login" time="0.016" classname="com.automation.crmtest.TC006_Login_Test"/>
</testsuite> <!-- com.automation.crmtest.TC006_Login_Test -->
