<?xml version="1.0" encoding="UTF-8"?>
<!-- Generated by org.testng.reporters.JUnitReportReporter -->
<testsuite hostname="PTP-LT-6K7QQ12" name="com.automation.test.TC001_CreateNewCompany_Test" tests="1" failures="0" timestamp="7 Jan 2018 14:57:42 GMT" time="32.920" errors="0">
  <testcase name="TC001_CreateNewCompany" time="32.920" classname="com.automation.test.TC001_CreateNewCompany_Test"/>
</testsuite> <!-- com.automation.test.TC001_CreateNewCompany_Test -->
