<?xml version="1.0" encoding="UTF-8"?>
<!-- Generated by org.testng.reporters.JUnitReportReporter -->
<testsuite hostname="PTP-LT-6K7QQ12" name="com.automation.test.Test_TC001_Login" tests="1" failures="0" timestamp="27 Dec 2017 12:41:31 GMT" time="110.522" errors="0">
  <testcase name="TC001_Login" time="110.522" classname="com.automation.test.Test_TC001_Login"/>
</testsuite> <!-- com.automation.test.Test_TC001_Login -->
