<?xml version="1.0" encoding="UTF-8"?>
<!-- Generated by org.testng.reporters.JUnitReportReporter -->
<testsuite hostname="PTP-LT-6K7QQ12" name="com.automation.test.TC004_Contacts_Page" tests="1" failures="0" timestamp="29 Dec 2017 13:11:21 GMT" time="42.671" errors="0">
  <testcase name="TC004_Contacts" time="42.671" classname="com.automation.test.TC004_Contacts_Page"/>
</testsuite> <!-- com.automation.test.TC004_Contacts_Page -->
