<?xml version="1.0" encoding="UTF-8"?>
<!-- Generated by org.testng.reporters.JUnitReportReporter -->
<testsuite hostname="PTP-LT-6K7QQ12" name="com.automation.icehrmtest.IcehrmLogin_Test" tests="1" failures="0" timestamp="16 Jan 2018 12:54:04 GMT" time="0.014" errors="0">
  <testcase name="IcehrmLogin" time="0.014" classname="com.automation.icehrmtest.IcehrmLogin_Test"/>
</testsuite> <!-- com.automation.icehrmtest.IcehrmLogin_Test -->
