<?xml version="1.0" encoding="UTF-8"?>
<!-- Generated by org.testng.reporters.JUnitReportReporter -->
<testsuite hostname="PTP-LT-6K7QQ12" name="com.automation.test.TC002_Deals_Test" tests="1" failures="0" timestamp="29 Dec 2017 13:11:21 GMT" time="47.378" errors="0">
  <testcase name="TC002_Deals" time="47.378" classname="com.automation.test.TC002_Deals_Test"/>
</testsuite> <!-- com.automation.test.TC002_Deals_Test -->
