<?xml version="1.0" encoding="UTF-8"?>
<!-- Generated by org.testng.reporters.JUnitReportReporter -->
<testsuite hostname="PTP-LT-6K7QQ12" name="com.automation.icehrmtest.TC001_RegisterCompany_Test" tests="1" failures="0" timestamp="4 Feb 2018 12:26:00 GMT" time="10.391" errors="0">
  <testcase name="TC001_RegisterCompany" time="10.391" classname="com.automation.icehrmtest.TC001_RegisterCompany_Test"/>
</testsuite> <!-- com.automation.icehrmtest.TC001_RegisterCompany_Test -->
