<?xml version="1.0" encoding="UTF-8"?>
<!-- Generated by org.testng.reporters.JUnitReportReporter -->
<testsuite hostname="PTP-LT-6K7QQ12" name="com.automation.test.DemoTest" tests="1" failures="0" timestamp="29 Dec 2017 12:17:53 GMT" time="0.006" errors="0">
  <testcase name="Demo" time="0.006" classname="com.automation.test.DemoTest"/>
</testsuite> <!-- com.automation.test.DemoTest -->
