<?xml version="1.0" encoding="UTF-8"?>
<!-- Generated by org.testng.reporters.JUnitReportReporter -->
<testsuite hostname="PTP-LT-6K7QQ12" name="com.automation.icehrmtest.TC002_DataProvider_RegisterCompany_Test" tests="2" failures="0" timestamp="31 Jan 2018 12:59:33 GMT" time="16.289" errors="0">
  <testcase name="TC002_DataProvider_RegisterCompany" time="9.384" classname="com.automation.icehrmtest.TC002_DataProvider_RegisterCompany_Test"/>
  <testcase name="TC002_DataProvider_RegisterCompany" time="6.905" classname="com.automation.icehrmtest.TC002_DataProvider_RegisterCompany_Test"/>
</testsuite> <!-- com.automation.icehrmtest.TC002_DataProvider_RegisterCompany_Test -->
