<?xml version="1.0" encoding="UTF-8"?>
<!-- Generated by org.testng.reporters.JUnitReportReporter -->
<testsuite hostname="PTP-LT-6K7QQ12" name="com.automation.icehrmtest.TC003_RegisterNewUser_Test" tests="1" failures="0" timestamp="4 Feb 2018 12:26:00 GMT" time="3.402" errors="0">
  <testcase name="TC003_RegisterNewUser" time="3.402" classname="com.automation.icehrmtest.TC003_RegisterNewUser_Test"/>
</testsuite> <!-- com.automation.icehrmtest.TC003_RegisterNewUser_Test -->
