<?xml version="1.0" encoding="UTF-8"?>
<!-- Generated by org.testng.reporters.JUnitReportReporter -->
<testsuite hostname="PTP-LT-6K7QQ12" name="com.automation.icehrmtest.TC005_RegisterProject_Test" tests="1" failures="0" timestamp="4 Feb 2018 12:25:59 GMT" time="2.440" errors="0">
  <testcase name="TC005_RegisterProject" time="2.440" classname="com.automation.icehrmtest.TC005_RegisterProject_Test"/>
</testsuite> <!-- com.automation.icehrmtest.TC005_RegisterProject_Test -->
